<?xml version="1.0" encoding="UTF-8"?>
<!-- Generated by org.testng.reporters.JUnitReportReporter -->
<testsuite hostname="LAPTOP-SBSE2B7E" failures="0" tests="1" name="ui.PagetitleTest" time="6.585" errors="0" timestamp="2022-12-15T09:56:28 CST" skipped="0">
  <testcase classname="ui.PagetitleTest" name="titleTest" time="6.585"/>
  <system-out/>
</testsuite> <!-- ui.PagetitleTest -->
